-------------------------------------------------------------------------------
Test set: stepdefs.RunCukesTest
-------------------------------------------------------------------------------
Tests run: 12, Failures: 2, Errors: 2, Skipped: 2, Time elapsed: 45.379 sec <<< FAILURE!
Then I should see previously added item in cart(Scenario: 02 Login and Add dress to cart)  Time elapsed: 0.003 sec  <<< FAILURE!
org.junit.ComparisonFailure: expected:<[1]> but was:<[]>
	at org.junit.Assert.assertEquals(Assert.java:115)
	at org.junit.Assert.assertEquals(Assert.java:144)
	at stepdefs.LoginAndAddDressToCartSteps.ishouldseepreviouslyaddeitemincart(LoginAndAddDressToCartSteps.java:54)
	at ✽.Then I should see previously added item in cart(LoginAndAddDressToCart.feature:7)

Scenario: 02 Login and Add dress to cart  Time elapsed: 0.003 sec  <<< FAILURE!
org.junit.ComparisonFailure: expected:<[1]> but was:<[]>
	at org.junit.Assert.assertEquals(Assert.java:115)
	at org.junit.Assert.assertEquals(Assert.java:144)
	at stepdefs.LoginAndAddDressToCartSteps.ishouldseepreviouslyaddeitemincart(LoginAndAddDressToCartSteps.java:54)
	at ✽.Then I should see previously added item in cart(LoginAndAddDressToCart.feature:7)

And I fill the registration details 'NameA', 'NameB', 'Anusha21', '21', '10', '1990', 'AddressA', 'CityA', 'Hawaii', '00000', '07791111011'(| abc2908201835@test.com | NameA | NameB | Anusha21 | 21 | 10 | 1990 | AddressA | CityA | Hawaii | 00000 | 07791111011 |)  Time elapsed: 0.003 sec  <<< ERROR!
org.openqa.selenium.NoSuchElementException: no such element: Unable to locate element: {"method":"name","selector":"uniform-id_gender2"}
  (Session info: chrome=68.0.3440.106)
  (Driver info: chromedriver=2.41.578737 (49da6702b16031c40d63e5618de03a32ff6c197e),platform=Windows NT 10.0.17134 x86_64) (WARNING: The server did not provide any stacktrace information)
Command duration or timeout: 0 milliseconds
For documentation on this error, please visit: http://seleniumhq.org/exceptions/no_such_element.html
Build info: version: '3.12.0', revision: '7c6e0b3', time: '2018-05-08T14:04:26.12Z'
System info: host: 'DESKTOP-PJNFBMD', ip: '192.168.1.106', os.name: 'Windows 10', os.arch: 'amd64', os.version: '10.0', java.version: '1.8.0_181'
Driver info: org.openqa.selenium.chrome.ChromeDriver
Capabilities {acceptInsecureCerts: false, acceptSslCerts: false, applicationCacheEnabled: false, browserConnectionEnabled: false, browserName: chrome, chrome: {chromedriverVersion: 2.41.578737 (49da6702b16031..., userDataDir: C:\Users\ANUSHA~1\AppData\L...}, cssSelectorsEnabled: true, databaseEnabled: false, goog:chromeOptions: {debuggerAddress: localhost:61947}, handlesAlerts: true, hasTouchScreen: false, javascriptEnabled: true, locationContextEnabled: true, mobileEmulationEnabled: false, nativeEvents: true, networkConnectionEnabled: false, pageLoadStrategy: normal, platform: XP, platformName: XP, rotatable: false, setWindowRect: true, takesHeapSnapshot: true, takesScreenshot: true, unexpectedAlertBehaviour: , unhandledPromptBehavior: , version: 68.0.3440.106, webStorageEnabled: true}
Session ID: fff9e76962defb787b15975007077d1f
*** Element info: {Using=name, value=uniform-id_gender2}
	at sun.reflect.NativeConstructorAccessorImpl.newInstance0(Native Method)
	at sun.reflect.NativeConstructorAccessorImpl.newInstance(NativeConstructorAccessorImpl.java:62)
	at sun.reflect.DelegatingConstructorAccessorImpl.newInstance(DelegatingConstructorAccessorImpl.java:45)
	at java.lang.reflect.Constructor.newInstance(Constructor.java:423)
	at org.openqa.selenium.remote.ErrorHandler.createThrowable(ErrorHandler.java:214)
	at org.openqa.selenium.remote.ErrorHandler.throwIfResponseFailed(ErrorHandler.java:166)
	at org.openqa.selenium.remote.http.JsonHttpResponseCodec.reconstructValue(JsonHttpResponseCodec.java:40)
	at org.openqa.selenium.remote.http.AbstractHttpResponseCodec.decode(AbstractHttpResponseCodec.java:80)
	at org.openqa.selenium.remote.http.AbstractHttpResponseCodec.decode(AbstractHttpResponseCodec.java:44)
	at org.openqa.selenium.remote.HttpCommandExecutor.execute(HttpCommandExecutor.java:158)
	at org.openqa.selenium.remote.service.DriverCommandExecutor.execute(DriverCommandExecutor.java:83)
	at org.openqa.selenium.remote.RemoteWebDriver.execute(RemoteWebDriver.java:543)
	at org.openqa.selenium.remote.RemoteWebDriver.findElement(RemoteWebDriver.java:317)
	at org.openqa.selenium.remote.RemoteWebDriver.findElementByName(RemoteWebDriver.java:395)
	at org.openqa.selenium.By$ByName.findElement(By.java:284)
	at org.openqa.selenium.support.ByIdOrName.findElement(ByIdOrName.java:50)
	at org.openqa.selenium.remote.RemoteWebDriver.findElement(RemoteWebDriver.java:309)
	at org.openqa.selenium.support.pagefactory.DefaultElementLocator.findElement(DefaultElementLocator.java:69)
	at org.openqa.selenium.support.pagefactory.internal.LocatingElementHandler.invoke(LocatingElementHandler.java:38)
	at com.sun.proxy.$Proxy16.click(Unknown Source)
	at pages.Registration.Register(Registration.java:81)
	at stepdefs.createAccount.iFillTheRegistrationDetailsTitleFNameLNamePasswordDayMonthYearAddressCityStateZipMobile(createAccount.java:49)
	at ✽.And I fill the registration details 'NameA', 'NameB', 'Anusha21', '21', '10', '1990', 'AddressA', 'CityA', 'Hawaii', '00000', '07791111011'(RegisterUser.feature:7)

| abc2908201835@test.com | NameA | NameB | Anusha21 | 21 | 10 | 1990 | AddressA | CityA | Hawaii | 00000 | 07791111011 |  Time elapsed: 0.005 sec  <<< ERROR!
org.openqa.selenium.NoSuchElementException: no such element: Unable to locate element: {"method":"name","selector":"uniform-id_gender2"}
  (Session info: chrome=68.0.3440.106)
  (Driver info: chromedriver=2.41.578737 (49da6702b16031c40d63e5618de03a32ff6c197e),platform=Windows NT 10.0.17134 x86_64) (WARNING: The server did not provide any stacktrace information)
Command duration or timeout: 0 milliseconds
For documentation on this error, please visit: http://seleniumhq.org/exceptions/no_such_element.html
Build info: version: '3.12.0', revision: '7c6e0b3', time: '2018-05-08T14:04:26.12Z'
System info: host: 'DESKTOP-PJNFBMD', ip: '192.168.1.106', os.name: 'Windows 10', os.arch: 'amd64', os.version: '10.0', java.version: '1.8.0_181'
Driver info: org.openqa.selenium.chrome.ChromeDriver
Capabilities {acceptInsecureCerts: false, acceptSslCerts: false, applicationCacheEnabled: false, browserConnectionEnabled: false, browserName: chrome, chrome: {chromedriverVersion: 2.41.578737 (49da6702b16031..., userDataDir: C:\Users\ANUSHA~1\AppData\L...}, cssSelectorsEnabled: true, databaseEnabled: false, goog:chromeOptions: {debuggerAddress: localhost:61947}, handlesAlerts: true, hasTouchScreen: false, javascriptEnabled: true, locationContextEnabled: true, mobileEmulationEnabled: false, nativeEvents: true, networkConnectionEnabled: false, pageLoadStrategy: normal, platform: XP, platformName: XP, rotatable: false, setWindowRect: true, takesHeapSnapshot: true, takesScreenshot: true, unexpectedAlertBehaviour: , unhandledPromptBehavior: , version: 68.0.3440.106, webStorageEnabled: true}
Session ID: fff9e76962defb787b15975007077d1f
*** Element info: {Using=name, value=uniform-id_gender2}
	at sun.reflect.NativeConstructorAccessorImpl.newInstance0(Native Method)
	at sun.reflect.NativeConstructorAccessorImpl.newInstance(NativeConstructorAccessorImpl.java:62)
	at sun.reflect.DelegatingConstructorAccessorImpl.newInstance(DelegatingConstructorAccessorImpl.java:45)
	at java.lang.reflect.Constructor.newInstance(Constructor.java:423)
	at org.openqa.selenium.remote.ErrorHandler.createThrowable(ErrorHandler.java:214)
	at org.openqa.selenium.remote.ErrorHandler.throwIfResponseFailed(ErrorHandler.java:166)
	at org.openqa.selenium.remote.http.JsonHttpResponseCodec.reconstructValue(JsonHttpResponseCodec.java:40)
	at org.openqa.selenium.remote.http.AbstractHttpResponseCodec.decode(AbstractHttpResponseCodec.java:80)
	at org.openqa.selenium.remote.http.AbstractHttpResponseCodec.decode(AbstractHttpResponseCodec.java:44)
	at org.openqa.selenium.remote.HttpCommandExecutor.execute(HttpCommandExecutor.java:158)
	at org.openqa.selenium.remote.service.DriverCommandExecutor.execute(DriverCommandExecutor.java:83)
	at org.openqa.selenium.remote.RemoteWebDriver.execute(RemoteWebDriver.java:543)
	at org.openqa.selenium.remote.RemoteWebDriver.findElement(RemoteWebDriver.java:317)
	at org.openqa.selenium.remote.RemoteWebDriver.findElementByName(RemoteWebDriver.java:395)
	at org.openqa.selenium.By$ByName.findElement(By.java:284)
	at org.openqa.selenium.support.ByIdOrName.findElement(ByIdOrName.java:50)
	at org.openqa.selenium.remote.RemoteWebDriver.findElement(RemoteWebDriver.java:309)
	at org.openqa.selenium.support.pagefactory.DefaultElementLocator.findElement(DefaultElementLocator.java:69)
	at org.openqa.selenium.support.pagefactory.internal.LocatingElementHandler.invoke(LocatingElementHandler.java:38)
	at com.sun.proxy.$Proxy16.click(Unknown Source)
	at pages.Registration.Register(Registration.java:81)
	at stepdefs.createAccount.iFillTheRegistrationDetailsTitleFNameLNamePasswordDayMonthYearAddressCityStateZipMobile(createAccount.java:49)
	at ✽.And I fill the registration details 'NameA', 'NameB', 'Anusha21', '21', '10', '1990', 'AddressA', 'CityA', 'Hawaii', '00000', '07791111011'(RegisterUser.feature:7)

