<?xml version="1.0" encoding="UTF-8" ?>
<testsuite tests="12" failures="2" name="stepdefs.RunCukesTest" time="0.019" errors="0" skipped="0">
  <properties>
[...]
</properties>
  <testcase classname="Scenario: Login and Add dress to cart" name="Given I login" time="0.007"/>
  <testcase classname="Scenario: Login and Add dress to cart" name="When I Add expensive dress to cart" time="0"/>
  <testcase classname="Scenario: Login and Add dress to cart" name="And LogOut and Login again" time="0.001"/>
  <testcase classname="Scenario: Login and Add dress to cart" name="Then I should see previously added item in cart" time="0.004">
    <failure message="expected:&lt;[1]&gt; but was:&lt;[]&gt;" type="org.junit.ComparisonFailure">org.junit.ComparisonFailure: expected:&lt;[1]&gt; but was:&lt;[]&gt;
	at org.junit.Assert.assertEquals(Assert.java:115)
	at org.junit.Assert.assertEquals(Assert.java:144)
	at stepdefs.LoginAndAddDressToCartSteps.ishouldseepreviouslyaddeitemincart(LoginAndAddDressToCartSteps.java:54)
	at ✽.Then I should see previously added item in cart(LoginAndAddDressToCart.feature:7)
</failure>
  </testcase>
  <testcase classname="Scenario: Login and Add dress to cart" name="Scenario: Login and Add dress to cart" time="0.005">
    <failure message="expected:&lt;[1]&gt; but was:&lt;[]&gt;" type="org.junit.ComparisonFailure">org.junit.ComparisonFailure: expected:&lt;[1]&gt; but was:&lt;[]&gt;
	at org.junit.Assert.assertEquals(Assert.java:115)
	at org.junit.Assert.assertEquals(Assert.java:144)
	at stepdefs.LoginAndAddDressToCartSteps.ishouldseepreviouslyaddeitemincart(LoginAndAddDressToCartSteps.java:54)
	at ✽.Then I should see previously added item in cart(LoginAndAddDressToCart.feature:7)
</failure>
  </testcase>
  <testcase classname="| abc30082018@test.com | NameA | NameB | Anusha21 | 21 | 10 | 1990 | AddressA | CityA | Hawaii | 00000 | 07791111011 |" name="Given I want to create a new account with automationpractice" time="0"/>
  <testcase classname="| abc30082018@test.com | NameA | NameB | Anusha21 | 21 | 10 | 1990 | AddressA | CityA | Hawaii | 00000 | 07791111011 |" name="When I click on signin" time="0"/>
  <testcase classname="| abc30082018@test.com | NameA | NameB | Anusha21 | 21 | 10 | 1990 | AddressA | CityA | Hawaii | 00000 | 07791111011 |" name="And I click on Create an account with &apos;abc30082018@test.com&apos;" time="0"/>
  <testcase classname="| abc30082018@test.com | NameA | NameB | Anusha21 | 21 | 10 | 1990 | AddressA | CityA | Hawaii | 00000 | 07791111011 |" name="And I fill the registration details &apos;NameA&apos;, &apos;NameB&apos;, &apos;Anusha21&apos;, &apos;21&apos;, &apos;10&apos;, &apos;1990&apos;, &apos;AddressA&apos;, &apos;CityA&apos;, &apos;Hawaii&apos;, &apos;00000&apos;, &apos;07791111011&apos;" time="0"/>
  <testcase classname="| abc30082018@test.com | NameA | NameB | Anusha21 | 21 | 10 | 1990 | AddressA | CityA | Hawaii | 00000 | 07791111011 |" name="Then I must register with automationpracticeSite" time="0"/>
  <testcase classname="| abc30082018@test.com | NameA | NameB | Anusha21 | 21 | 10 | 1990 | AddressA | CityA | Hawaii | 00000 | 07791111011 |" name="And I should be able to SignOut" time="0"/>
  <testcase classname="| abc30082018@test.com | NameA | NameB | Anusha21 | 21 | 10 | 1990 | AddressA | CityA | Hawaii | 00000 | 07791111011 |" name="| abc30082018@test.com | NameA | NameB | Anusha21 | 21 | 10 | 1990 | AddressA | CityA | Hawaii | 00000 | 07791111011 |" time="0.002"/>
</testsuite>